<?xml version="1.0" encoding="UTF-8"?>
<!-- Generated by org.testng.reporters.JUnitReportReporter -->
<testsuite hostname="DESKTOP-6ITAQL4" failures="0" tests="7" name="apiProject.CryptocurrencyWallet" time="18.512" errors="0" timestamp="2024-07-20T15:54:14 IST" skipped="0">
  <testcase classname="apiProject.CryptocurrencyWallet" name="Logintheuserandgenerateasessiontoken" time="2.124"/>
  <system-out/>
  <testcase classname="apiProject.CryptocurrencyWallet" name="Listallthetransactionsdonebytheuser" time="2.769"/>
  <system-out/>
  <testcase classname="apiProject.CryptocurrencyWallet" name="Calculatetransactionfeesandreturnestimatedcost" time="5.449"/>
  <system-out/>
  <testcase classname="apiProject.CryptocurrencyWallet" name="Getanobjectwithallavailablecurrencyexchangerates" time="1.236"/>
  <system-out/>
  <testcase classname="apiProject.CryptocurrencyWallet" name="Transfe5ETHtorecipient" time="3.682"/>
  <system-out/>
  <testcase classname="apiProject.CryptocurrencyWallet" name="Registerauserandcreatewallet" time="2.041"/>
  <system-out/>
  <testcase classname="apiProject.CryptocurrencyWallet" name="Retrievethewalletbalance" time="1.211"/>
  <system-out/>
</testsuite> <!-- apiProject.CryptocurrencyWallet -->
