<?xml version="1.0" encoding="UTF-8"?>
<!-- Generated by org.testng.reporters.JUnitReportReporter -->
<testsuite hostname="DESKTOP-6ITAQL4" failures="0" tests="3" name="test.Tests" time="16.344" errors="0" timestamp="2024-07-20T17:25:08 IST" skipped="0">
  <testcase classname="test.Tests" name="loginPassTest" time="5.053"/>
  <system-out/>
  <testcase classname="test.Tests" name="changepasswordandlogoutTest" time="6.015"/>
  <system-out/>
  <testcase classname="test.Tests" name="reLoginwithChangedPassword" time="5.276"/>
  <system-out/>
</testsuite> <!-- test.Tests -->
